[2025-11-28T11:44:44.823715] [INFO] Loading device registry...
[2025-11-28T11:44:44.824533] [INFO] Loaded 3 devices.
[2025-11-28T11:44:46.876465] [INFO] Sending TEST PRINT to printer01...
[2025-11-28T11:44:48.934087] [INFO] Sending REPRINT to printer01...
[2025-11-28T11:45:22.045613] [INFO] Loading device registry...
[2025-11-28T11:45:22.046185] [INFO] Loaded 3 devices.
[2025-11-28T11:45:26.159236] [ERROR] Device printer01 (http://localhost:9001) unreachable: HTTPConnectionPool(host='localhost', port=9001): Max retries exceeded with url: /settings (Caused by NewConnectionError('<urllib3.connection.HTTPConnection object at 0x0000026EA3D92F90>: Failed to establish a new connection: [WinError 10061] No connection could be made because the target machine actively refused it'))
[2025-11-28T11:45:26.161379] [INFO] Sending TEST PRINT to printer01...
[2025-11-28T11:45:30.257000] [ERROR] Device printer01 (http://localhost:9001) unreachable: HTTPConnectionPool(host='localhost', port=9001): Max retries exceeded with url: /testlabel (Caused by NewConnectionError('<urllib3.connection.HTTPConnection object at 0x0000026EA3D579D0>: Failed to establish a new connection: [WinError 10061] No connection could be made because the target machine actively refused it'))
[2025-11-28T11:45:30.258674] [INFO] Sending REPRINT to printer01...
[2025-11-28T11:45:34.364487] [ERROR] Device printer01 (http://localhost:9001) unreachable: HTTPConnectionPool(host='localhost', port=9001): Max retries exceeded with url: /testlabel (Caused by NewConnectionError('<urllib3.connection.HTTPConnection object at 0x0000026EA3E502D0>: Failed to establish a new connection: [WinError 10061] No connection could be made because the target machine actively refused it'))
[2025-11-28T11:53:26.030636] [INFO] Loading device registry...
[2025-11-28T11:53:26.031192] [INFO] Loaded 3 devices.
[2025-11-28T11:53:28.077523] [INFO] Sending TEST PRINT to printer01...
[2025-11-28T11:53:30.112198] [INFO] Sending REPRINT to printer01...
[2025-11-28T11:53:34.204728] [INFO] Triggering SCAN on scanner01...
[2025-11-28T11:54:21.278963] [INFO] Loading device registry...
[2025-11-28T11:54:21.279846] [INFO] Loaded 3 devices.
[2025-11-28T11:54:23.320503] [INFO] Sending TEST PRINT to printer01...
[2025-11-28T11:54:25.388256] [INFO] Sending REPRINT to printer01...
[2025-11-28T11:54:31.537058] [ERROR] Device scanner01 (http://localhost:9002) unreachable: HTTPConnectionPool(host='localhost', port=9002): Max retries exceeded with url: /settings (Caused by NewConnectionError('<urllib3.connection.HTTPConnection object at 0x0000019B6D713820>: Failed to establish a new connection: [WinError 10061] No connection could be made because the target machine actively refused it'))
[2025-11-28T11:54:31.538109] [INFO] Triggering SCAN on scanner01...
[2025-11-28T11:54:35.637621] [ERROR] Device scanner01 (http://localhost:9002) unreachable: HTTPConnectionPool(host='localhost', port=9002): Max retries exceeded with url: /scan (Caused by NewConnectionError('<urllib3.connection.HTTPConnection object at 0x0000019B6D713100>: Failed to establish a new connection: [WinError 10061] No connection could be made because the target machine actively refused it'))
[2025-11-28T14:37:27.783478] [INFO] Loading device registry...
[2025-11-28T14:37:27.784037] [INFO] Loaded 3 devices.
[2025-11-28T14:37:29.859694] [INFO] Sending TEST PRINT to printer01...
[2025-11-28T14:37:31.908423] [INFO] Sending REPRINT to printer01...
[2025-11-28T14:37:36.003126] [INFO] Triggering SCAN on scanner01...
[2025-11-28T14:37:40.143947] [INFO] Requesting lab result from analyzer01 (CBC)...
[2025-11-28T14:37:42.205191] [INFO] Requesting lab result from analyzer01 (CMP)...
[2025-11-28T14:38:00.467535] [INFO] Loading device registry...
[2025-11-28T14:38:00.468176] [INFO] Loaded 3 devices.
[2025-11-28T14:38:02.508585] [INFO] Sending TEST PRINT to printer01...
[2025-11-28T14:38:04.569294] [INFO] Sending REPRINT to printer01...
[2025-11-28T14:38:08.672738] [INFO] Triggering SCAN on scanner01...
[2025-11-28T14:38:14.846714] [ERROR] Device analyzer01 (http://localhost:9003) unreachable: HTTPConnectionPool(host='localhost', port=9003): Max retries exceeded with url: /settings (Caused by NewConnectionError('<urllib3.connection.HTTPConnection object at 0x0000020BFFE71250>: Failed to establish a new connection: [WinError 10061] No connection could be made because the target machine actively refused it'))
[2025-11-28T14:38:14.847742] [INFO] Requesting lab result from analyzer01 (CBC)...
[2025-11-28T14:38:18.940438] [ERROR] Device analyzer01 (http://localhost:9003) unreachable: HTTPConnectionPool(host='localhost', port=9003): Max retries exceeded with url: /sendresult (Caused by NewConnectionError('<urllib3.connection.HTTPConnection object at 0x0000020BFFE69040>: Failed to establish a new connection: [WinError 10061] No connection could be made because the target machine actively refused it'))
[2025-11-28T14:38:18.941535] [INFO] Requesting lab result from analyzer01 (CMP)...
[2025-11-28T14:38:23.050887] [ERROR] Device analyzer01 (http://localhost:9003) unreachable: HTTPConnectionPool(host='localhost', port=9003): Max retries exceeded with url: /sendresult (Caused by NewConnectionError('<urllib3.connection.HTTPConnection object at 0x0000020BFFE698C0>: Failed to establish a new connection: [WinError 10061] No connection could be made because the target machine actively refused it'))
[2025-11-28T14:48:30.180119] [INFO] Loading device registry...
[2025-11-28T14:48:30.180829] [INFO] Loaded 3 devices.
[2025-11-28T14:48:32.253328] [INFO] Sending TEST PRINT to printer01...
[2025-11-28T14:48:34.291534] [INFO] Sending REPRINT to printer01...
[2025-11-28T14:48:38.408630] [INFO] Triggering SCAN on scanner01...
[2025-11-28T14:48:42.523995] [INFO] Requesting lab result from analyzer01 (CBC)...
[2025-11-28T14:48:44.574455] [INFO] Requesting lab result from analyzer01 (CMP)...
[2025-11-28T14:48:46.614185] [INFO] Event queued: SCAN_SPECIMEN
[2025-11-28T14:48:46.614668] [INFO] Event queued: RUN_TEST
[2025-11-28T14:48:46.614929] [INFO] Event queued: PRINT_LABEL
[2025-11-28T14:48:46.615302] [INFO] Processing event: SCAN_SPECIMEN
[2025-11-28T14:48:46.615569] [INFO] Triggering SCAN on scanner01...
[2025-11-28T14:48:48.659251] [INFO] SCAN RESULT: {'scanner01': {'status': 'SUCCESS', 'barcode': 'LAB6113831879'}}
[2025-11-28T14:48:48.659765] [INFO] Processing event: RUN_TEST
[2025-11-28T14:48:48.660151] [INFO] Requesting lab result from analyzer01 (CBC)...
[2025-11-28T14:48:50.716402] [INFO] TEST RESULT (CBC): {'analyzer01': {'status': 'SUCCESS', 'specimenId': 'SPC556677', 'testType': 'CBC', 'result': {'HCT': 44.4, 'HGB': 14.9, 'PLT': 241, 'WBC': 8.2}}}
[2025-11-28T14:48:50.716954] [INFO] Processing event: PRINT_LABEL
[2025-11-28T14:48:50.717294] [INFO] Sending TEST PRINT to printer01...
[2025-11-28T14:48:52.782657] [INFO] PRINT RESULT: {'printer01': {'status': 'SUCCESS', 'preview': '^XA^FO50,50^ADN,36,20^FDTest Print^FS^XZ...'}}
[2025-11-28T15:17:32.861232] [INFO] Loading device registry...
[2025-11-28T15:17:32.862095] [INFO] Loaded 3 devices.
[2025-11-28T15:17:34.946195] [INFO] Sending TEST PRINT to printer01...
[2025-11-28T15:17:36.987370] [INFO] Sending REPRINT to printer01...
[2025-11-28T15:17:41.130311] [INFO] Triggering SCAN on scanner01...
[2025-11-28T15:17:45.247669] [INFO] Requesting lab result from analyzer01 (CBC)...
[2025-11-28T15:17:47.318104] [INFO] Requesting lab result from analyzer01 (CMP)...
[2025-11-28T15:17:49.364441] [INFO] Event queued: SCAN_SPECIMEN
[2025-11-28T15:17:49.364921] [INFO] Event queued: RUN_TEST
[2025-11-28T15:17:49.365195] [INFO] Event queued: PRINT_LABEL
[2025-11-28T15:17:49.365578] [INFO] Processing event: SCAN_SPECIMEN
[2025-11-28T15:17:49.365822] [INFO] Triggering SCAN on scanner01...
[2025-11-28T15:17:51.415545] [INFO] SCAN RESULT: {'scanner01': {'status': 'SUCCESS', 'barcode': 'LAB6129206332'}}
[2025-11-28T15:17:51.416033] [INFO] Specimen LAB6129206332 scanned. Queuing analyzer test...
[2025-11-28T15:17:51.416341] [INFO] Event queued: RUN_TEST
[2025-11-28T15:17:51.416679] [INFO] Processing event: RUN_TEST
[2025-11-28T15:17:51.416987] [INFO] Requesting lab result from analyzer01 (CBC)...
[2025-11-28T15:17:53.455164] [INFO] TEST RESULT (CBC): {'analyzer01': {'status': 'SUCCESS', 'specimenId': 'SPC556677', 'testType': 'CBC', 'result': {'HCT': 40.5, 'HGB': 15.4, 'PLT': 363, 'WBC': 7.6}}}
[2025-11-28T15:17:53.455704] [INFO] Queuing PRINT_LABEL for specimen SPC556677...
[2025-11-28T15:17:53.456056] [INFO] Event queued: PRINT_LABEL
[2025-11-28T15:17:53.456323] [INFO] Processing event: PRINT_LABEL
[2025-11-28T15:17:53.456667] [INFO] Sending label to printer...
[2025-11-28T15:17:55.521613] [INFO] PRINT RESULT: {'printer01': {'status': 'SUCCESS', 'preview': '^XA^FO50,50^ADN,36,20^FDPatient Label^FS^XZ...'}}
[2025-11-28T15:17:55.522181] [INFO] Processing event: RUN_TEST
[2025-11-28T15:17:55.522602] [INFO] Requesting lab result from analyzer01 (CBC)...
[2025-11-28T15:17:57.575553] [INFO] TEST RESULT (CBC): {'analyzer01': {'status': 'SUCCESS', 'specimenId': 'LAB6129206332', 'testType': 'CBC', 'result': {'HCT': 36.5, 'HGB': 11.4, 'PLT': 214, 'WBC': 10.2}}}
[2025-11-28T15:17:57.576100] [INFO] Queuing PRINT_LABEL for specimen LAB6129206332...
[2025-11-28T15:17:57.576471] [INFO] Event queued: PRINT_LABEL
[2025-11-28T15:17:57.576801] [INFO] Processing event: PRINT_LABEL
[2025-11-28T15:17:57.577045] [INFO] Sending label to printer...
[2025-11-28T15:17:59.629788] [INFO] PRINT RESULT: {'printer01': {'status': 'SUCCESS', 'preview': '^XA^FO50,50^ADN,36,20^FDSpecimen: SPC556677^FS^XZ...'}}
[2025-11-28T15:17:59.630342] [INFO] Processing event: PRINT_LABEL
[2025-11-28T15:17:59.630731] [INFO] Sending label to printer...
[2025-11-28T15:18:01.679630] [INFO] PRINT RESULT: {'printer01': {'status': 'SUCCESS', 'preview': '^XA^FO50,50^ADN,36,20^FDSpecimen: LAB6129206332^FS^XZ...'}}
[2025-11-28T15:18:01.680305] [INFO] Event queued: SCAN_SPECIMEN
[2025-11-28T15:18:01.680704] [INFO] Processing event: SCAN_SPECIMEN
[2025-11-28T15:18:01.680958] [INFO] Triggering SCAN on scanner01...
[2025-11-28T15:18:03.757577] [INFO] SCAN RESULT: {'scanner01': {'status': 'SUCCESS', 'barcode': 'LAB7422287944'}}
[2025-11-28T15:18:03.758050] [INFO] Specimen LAB7422287944 scanned. Queuing analyzer test...
[2025-11-28T15:18:03.758383] [INFO] Event queued: RUN_TEST
[2025-11-28T15:18:03.758763] [INFO] Processing event: RUN_TEST
[2025-11-28T15:18:03.759025] [INFO] Requesting lab result from analyzer01 (CBC)...
[2025-11-28T15:18:05.825576] [INFO] TEST RESULT (CBC): {'analyzer01': {'status': 'SUCCESS', 'specimenId': 'LAB7422287944', 'testType': 'CBC', 'result': {'HCT': 41.0, 'HGB': 12.5, 'PLT': 299, 'WBC': 7.5}}}
[2025-11-28T15:18:05.826079] [INFO] Queuing PRINT_LABEL for specimen LAB7422287944...
[2025-11-28T15:18:05.826421] [INFO] Event queued: PRINT_LABEL
[2025-11-28T15:18:05.826761] [INFO] Processing event: PRINT_LABEL
[2025-11-28T15:18:05.827014] [INFO] Sending label to printer...
[2025-11-28T15:18:07.875123] [INFO] PRINT RESULT: {'printer01': {'status': 'SUCCESS', 'preview': '^XA^FO50,50^ADN,36,20^FDSpecimen: LAB7422287944^FS^XZ...'}}
[2025-11-28T15:36:06.236669] [ERROR] PostgreSQL connection failed: connection to server at "localhost" (::1), port 5432 failed: FATAL:  password authentication failed for user "postgres"

[2025-11-28T15:37:36.336865] [INFO] Loading device registry...
[2025-11-28T15:37:36.337539] [INFO] Loaded 3 devices.
[2025-11-28T15:37:38.384685] [INFO] Sending TEST PRINT to printer01...
[2025-11-28T15:37:40.441782] [INFO] Sending REPRINT to printer01...
[2025-11-28T15:37:44.548616] [INFO] Triggering SCAN on scanner01...
[2025-11-28T15:37:48.655692] [INFO] Requesting lab result from analyzer01 (CBC)...
[2025-11-28T15:37:50.695768] [INFO] Requesting lab result from analyzer01 (CMP)...
[2025-11-28T15:37:52.729115] [INFO] Event queued: SCAN_SPECIMEN
[2025-11-28T15:37:52.729513] [INFO] Event queued: RUN_TEST
[2025-11-28T15:37:52.730034] [INFO] Event queued: PRINT_LABEL
[2025-11-28T15:37:52.730391] [INFO] Processing event: SCAN_SPECIMEN
[2025-11-28T15:37:52.730707] [INFO] Triggering SCAN on scanner01...
[2025-11-28T15:37:54.797688] [INFO] SCAN RESULT: {'scanner01': {'status': 'SUCCESS', 'barcode': 'LAB6338430527'}}
[2025-11-28T15:37:54.798115] [INFO] Specimen LAB6338430527 scanned. Queuing analyzer test...
[2025-11-28T15:37:54.798421] [INFO] Event queued: RUN_TEST
[2025-11-28T15:37:54.798739] [INFO] Processing event: RUN_TEST
[2025-11-28T15:37:54.799049] [INFO] Requesting lab result from analyzer01 (CBC)...
[2025-11-28T15:37:56.842138] [INFO] TEST RESULT (CBC): {'analyzer01': {'status': 'SUCCESS', 'specimenId': 'SPC556677', 'testType': 'CBC', 'result': {'HCT': 46.5, 'HGB': 15.1, 'PLT': 279, 'WBC': 6.6}}}
[2025-11-28T15:37:56.842540] [INFO] Queuing PRINT_LABEL for specimen SPC556677...
[2025-11-28T15:37:56.842810] [INFO] Event queued: PRINT_LABEL
[2025-11-28T15:37:56.843096] [INFO] Processing event: PRINT_LABEL
[2025-11-28T15:37:56.843377] [INFO] Sending label to printer...
[2025-11-28T15:37:58.884762] [INFO] PRINT RESULT: {'printer01': {'status': 'SUCCESS', 'preview': '^XA^FO50,50^ADN,36,20^FDPatient Label^FS^XZ...'}}
[2025-11-28T15:37:58.885390] [INFO] Processing event: RUN_TEST
[2025-11-28T15:37:58.885754] [INFO] Requesting lab result from analyzer01 (CBC)...
[2025-11-28T15:38:00.931917] [INFO] TEST RESULT (CBC): {'analyzer01': {'status': 'SUCCESS', 'specimenId': 'LAB6338430527', 'testType': 'CBC', 'result': {'HCT': 35.7, 'HGB': 12.4, 'PLT': 226, 'WBC': 10.7}}}
[2025-11-28T15:38:00.932299] [INFO] Queuing PRINT_LABEL for specimen LAB6338430527...
[2025-11-28T15:38:00.932603] [INFO] Event queued: PRINT_LABEL
[2025-11-28T15:38:00.932861] [INFO] Processing event: PRINT_LABEL
[2025-11-28T15:38:00.933168] [INFO] Sending label to printer...
[2025-11-28T15:38:02.975763] [INFO] PRINT RESULT: {'printer01': {'status': 'SUCCESS', 'preview': '^XA^FO50,50^ADN,36,20^FDSpecimen: SPC556677^FS^XZ...'}}
[2025-11-28T15:38:02.976246] [INFO] Processing event: PRINT_LABEL
[2025-11-28T15:38:02.976522] [INFO] Sending label to printer...
[2025-11-28T15:38:05.015462] [INFO] PRINT RESULT: {'printer01': {'status': 'SUCCESS', 'preview': '^XA^FO50,50^ADN,36,20^FDSpecimen: LAB6338430527^FS^XZ...'}}
[2025-11-28T15:38:05.016276] [INFO] Event queued: SCAN_SPECIMEN
[2025-11-28T15:38:05.017119] [INFO] Processing event: SCAN_SPECIMEN
[2025-11-28T15:38:05.017457] [INFO] Triggering SCAN on scanner01...
[2025-11-28T15:38:07.064008] [INFO] SCAN RESULT: {'scanner01': {'status': 'SUCCESS', 'barcode': 'LAB9573246598'}}
[2025-11-28T15:38:07.064451] [INFO] Specimen LAB9573246598 scanned. Queuing analyzer test...
[2025-11-28T15:38:07.064856] [INFO] Event queued: RUN_TEST
[2025-11-28T15:38:07.065335] [INFO] Processing event: RUN_TEST
[2025-11-28T15:38:07.065603] [INFO] Requesting lab result from analyzer01 (CBC)...
[2025-11-28T15:38:09.131340] [INFO] TEST RESULT (CBC): {'analyzer01': {'status': 'SUCCESS', 'specimenId': 'LAB9573246598', 'testType': 'CBC', 'result': {'HCT': 40.1, 'HGB': 15.0, 'PLT': 257, 'WBC': 9.9}}}
[2025-11-28T15:38:09.131808] [INFO] Queuing PRINT_LABEL for specimen LAB9573246598...
[2025-11-28T15:38:09.132697] [INFO] Event queued: PRINT_LABEL
[2025-11-28T15:38:09.133072] [INFO] Processing event: PRINT_LABEL
[2025-11-28T15:38:09.133348] [INFO] Sending label to printer...
[2025-11-28T15:38:11.179937] [INFO] PRINT RESULT: {'printer01': {'status': 'SUCCESS', 'preview': '^XA^FO50,50^ADN,36,20^FDSpecimen: LAB9573246598^FS^XZ...'}}
[2025-11-28T15:43:49.379346] [INFO] Loading device registry...
[2025-11-28T15:43:49.379986] [INFO] Loaded 3 devices.
[2025-11-28T15:43:51.451259] [INFO] Sending TEST PRINT to printer01...
[2025-11-28T15:43:53.501823] [INFO] Sending REPRINT to printer01...
[2025-11-28T15:43:57.595035] [INFO] Triggering SCAN on scanner01...
[2025-11-28T15:44:01.692230] [INFO] Requesting lab result from analyzer01 (CBC)...
[2025-11-28T15:44:03.753137] [INFO] Requesting lab result from analyzer01 (CMP)...
[2025-11-28T15:44:05.803772] [INFO] Event queued: SCAN_SPECIMEN
[2025-11-28T15:44:05.804085] [INFO] Event queued: RUN_TEST
[2025-11-28T15:44:05.804350] [INFO] Event queued: PRINT_LABEL
[2025-11-28T15:44:05.804612] [INFO] Processing event: SCAN_SPECIMEN
[2025-11-28T15:44:05.805021] [INFO] Triggering SCAN on scanner01...
[2025-11-28T15:44:07.855399] [INFO] SCAN RESULT: {'scanner01': {'status': 'SUCCESS', 'barcode': 'LAB3773707306'}}
[2025-11-28T15:44:07.855942] [INFO] Specimen LAB3773707306 scanned. Queuing analyzer test...
[2025-11-28T15:44:07.856313] [INFO] Event queued: RUN_TEST
[2025-11-28T15:44:07.856614] [INFO] Processing event: RUN_TEST
[2025-11-28T15:44:07.856928] [INFO] Requesting lab result from analyzer01 (CBC)...
[2025-11-28T15:44:09.902678] [INFO] TEST RESULT (CBC): {'analyzer01': {'status': 'SUCCESS', 'specimenId': 'SPC556677', 'testType': 'CBC', 'result': {'HCT': 39.7, 'HGB': 13.4, 'PLT': 298, 'WBC': 9.5}}}
[2025-11-28T15:44:09.903227] [INFO] Queuing PRINT_LABEL for specimen SPC556677...
[2025-11-28T15:44:09.903561] [INFO] Event queued: PRINT_LABEL
[2025-11-28T15:44:09.903897] [INFO] Processing event: PRINT_LABEL
[2025-11-28T15:44:09.904181] [INFO] Sending label to printer...
[2025-11-28T15:44:11.946046] [INFO] PRINT RESULT: {'printer01': {'status': 'SUCCESS', 'preview': '^XA^FO50,50^ADN,36,20^FDPatient Label^FS^XZ...'}}
[2025-11-28T15:44:11.946581] [INFO] Processing event: RUN_TEST
[2025-11-28T15:44:11.946833] [INFO] Requesting lab result from analyzer01 (CBC)...
[2025-11-28T15:44:14.015023] [INFO] TEST RESULT (CBC): {'analyzer01': {'status': 'SUCCESS', 'specimenId': 'LAB3773707306', 'testType': 'CBC', 'result': {'HCT': 43.2, 'HGB': 14.6, 'PLT': 349, 'WBC': 11.6}}}
[2025-11-28T15:44:14.015548] [INFO] Queuing PRINT_LABEL for specimen LAB3773707306...
[2025-11-28T15:44:14.015883] [INFO] Event queued: PRINT_LABEL
[2025-11-28T15:44:14.016209] [INFO] Processing event: PRINT_LABEL
[2025-11-28T15:44:14.016546] [INFO] Sending label to printer...
[2025-11-28T15:44:16.067212] [INFO] PRINT RESULT: {'printer01': {'status': 'SUCCESS', 'preview': '^XA^FO50,50^ADN,36,20^FDSpecimen: SPC556677^FS^XZ...'}}
[2025-11-28T15:44:16.067714] [INFO] Processing event: PRINT_LABEL
[2025-11-28T15:44:16.068165] [INFO] Sending label to printer...
[2025-11-28T15:44:18.114354] [INFO] PRINT RESULT: {'printer01': {'status': 'SUCCESS', 'preview': '^XA^FO50,50^ADN,36,20^FDSpecimen: LAB3773707306^FS^XZ...'}}
[2025-11-28T15:44:18.115057] [INFO] Event queued: SCAN_SPECIMEN
[2025-11-28T15:44:18.115380] [INFO] Processing event: SCAN_SPECIMEN
[2025-11-28T15:44:18.115752] [INFO] Triggering SCAN on scanner01...
[2025-11-28T15:44:20.165263] [INFO] SCAN RESULT: {'scanner01': {'status': 'SUCCESS', 'barcode': 'LAB2768054815'}}
[2025-11-28T15:44:20.165772] [INFO] Specimen LAB2768054815 scanned. Queuing analyzer test...
[2025-11-28T15:44:20.166080] [INFO] Event queued: RUN_TEST
[2025-11-28T15:44:20.166440] [INFO] Processing event: RUN_TEST
[2025-11-28T15:44:20.166680] [INFO] Requesting lab result from analyzer01 (CBC)...
[2025-11-28T15:44:22.221502] [INFO] TEST RESULT (CBC): {'analyzer01': {'status': 'SUCCESS', 'specimenId': 'LAB2768054815', 'testType': 'CBC', 'result': {'HCT': 45.9, 'HGB': 15.2, 'PLT': 385, 'WBC': 8.6}}}
[2025-11-28T15:44:22.222006] [INFO] Queuing PRINT_LABEL for specimen LAB2768054815...
[2025-11-28T15:44:22.222366] [INFO] Event queued: PRINT_LABEL
[2025-11-28T15:44:22.222699] [INFO] Processing event: PRINT_LABEL
[2025-11-28T15:44:22.222976] [INFO] Sending label to printer...
[2025-11-28T15:44:24.305247] [INFO] PRINT RESULT: {'printer01': {'status': 'SUCCESS', 'preview': '^XA^FO50,50^ADN,36,20^FDSpecimen: LAB2768054815^FS^XZ...'}}
[2025-11-28T15:46:43.509808] [INFO] Loading device registry...
[2025-11-28T15:46:43.510417] [INFO] Loaded 3 devices.
[2025-11-28T15:46:45.565526] [INFO] Sending TEST PRINT to printer01...
[2025-11-28T15:46:47.624110] [INFO] Sending REPRINT to printer01...
[2025-11-28T15:46:51.716663] [INFO] Triggering SCAN on scanner01...
[2025-11-28T15:46:55.795499] [INFO] Requesting lab result from analyzer01 (CBC)...
[2025-11-28T15:46:57.876524] [INFO] Requesting lab result from analyzer01 (CMP)...
[2025-11-28T15:46:59.929123] [INFO] Event queued: SCAN_SPECIMEN
[2025-11-28T15:46:59.929440] [INFO] Event queued: RUN_TEST
[2025-11-28T15:46:59.929879] [INFO] Event queued: PRINT_LABEL
[2025-11-28T15:46:59.930154] [INFO] Processing event: SCAN_SPECIMEN
[2025-11-28T15:46:59.930392] [INFO] Triggering SCAN on scanner01...
[2025-11-28T15:47:01.987415] [INFO] SCAN RESULT: {'scanner01': {'status': 'SUCCESS', 'barcode': 'LAB7504100832'}}
[2025-11-28T15:47:01.993993] [INFO] Specimen LAB7504100832 scanned. Queuing analyzer test...
[2025-11-28T15:47:01.994342] [INFO] Event queued: RUN_TEST
[2025-11-28T15:47:01.994631] [INFO] Processing event: RUN_TEST
[2025-11-28T15:47:01.994969] [INFO] Requesting lab result from analyzer01 (CBC)...
[2025-11-28T15:47:04.056300] [INFO] TEST RESULT (CBC): {'analyzer01': {'status': 'SUCCESS', 'specimenId': 'SPC556677', 'testType': 'CBC', 'result': {'HCT': 46.8, 'HGB': 14.2, 'PLT': 337, 'WBC': 11.8}}}
[2025-11-28T15:47:04.056841] [ERROR] DB test_result insert failed: can't adapt type 'dict'
[2025-11-28T15:47:04.057304] [INFO] Event queued: PRINT_LABEL
[2025-11-28T15:47:04.057736] [INFO] Processing event: PRINT_LABEL
[2025-11-28T15:47:04.058002] [INFO] Sending label to printer...
[2025-11-28T15:47:06.106126] [INFO] PRINT RESULT: {'printer01': {'status': 'SUCCESS', 'preview': '^XA^FO50,50^ADN,36,20^FDPatient Label^FS^XZ...'}}
[2025-11-28T15:47:06.111203] [INFO] Processing event: RUN_TEST
[2025-11-28T15:47:06.111576] [INFO] Requesting lab result from analyzer01 (CBC)...
[2025-11-28T15:47:08.161143] [INFO] TEST RESULT (CBC): {'analyzer01': {'status': 'SUCCESS', 'specimenId': 'LAB7504100832', 'testType': 'CBC', 'result': {'HCT': 38.7, 'HGB': 15.5, 'PLT': 289, 'WBC': 8.7}}}
[2025-11-28T15:47:08.161658] [ERROR] DB test_result insert failed: can't adapt type 'dict'
[2025-11-28T15:47:08.162232] [INFO] Event queued: PRINT_LABEL
[2025-11-28T15:47:08.162505] [INFO] Processing event: PRINT_LABEL
[2025-11-28T15:47:08.162804] [INFO] Sending label to printer...
[2025-11-28T15:47:10.199752] [INFO] PRINT RESULT: {'printer01': {'status': 'SUCCESS', 'preview': '^XA^FO50,50^ADN,36,20^FDSpecimen: SPC556677^FS^XZ...'}}
[2025-11-28T15:47:10.202002] [INFO] Processing event: PRINT_LABEL
[2025-11-28T15:47:10.202510] [INFO] Sending label to printer...
[2025-11-28T15:47:12.251725] [INFO] PRINT RESULT: {'printer01': {'status': 'SUCCESS', 'preview': '^XA^FO50,50^ADN,36,20^FDSpecimen: LAB7504100832^FS^XZ...'}}
[2025-11-28T15:47:12.256042] [INFO] Event queued: SCAN_SPECIMEN
[2025-11-28T15:47:12.256332] [INFO] Processing event: SCAN_SPECIMEN
[2025-11-28T15:47:12.256883] [INFO] Triggering SCAN on scanner01...
[2025-11-28T15:47:14.296203] [INFO] SCAN RESULT: {'scanner01': {'status': 'SUCCESS', 'barcode': 'LAB5157203949'}}
[2025-11-28T15:47:14.301327] [INFO] Specimen LAB5157203949 scanned. Queuing analyzer test...
[2025-11-28T15:47:14.301873] [INFO] Event queued: RUN_TEST
[2025-11-28T15:47:14.302200] [INFO] Processing event: RUN_TEST
[2025-11-28T15:47:14.302571] [INFO] Requesting lab result from analyzer01 (CBC)...
[2025-11-28T15:47:16.356991] [INFO] TEST RESULT (CBC): {'analyzer01': {'status': 'SUCCESS', 'specimenId': 'LAB5157203949', 'testType': 'CBC', 'result': {'HCT': 33.0, 'HGB': 15.1, 'PLT': 280, 'WBC': 6.4}}}
[2025-11-28T15:47:16.357541] [ERROR] DB test_result insert failed: can't adapt type 'dict'
[2025-11-28T15:47:16.358243] [INFO] Event queued: PRINT_LABEL
[2025-11-28T15:47:16.358675] [INFO] Processing event: PRINT_LABEL
[2025-11-28T15:47:16.358980] [INFO] Sending label to printer...
[2025-11-28T15:47:18.407355] [INFO] PRINT RESULT: {'printer01': {'status': 'SUCCESS', 'preview': '^XA^FO50,50^ADN,36,20^FDSpecimen: LAB5157203949^FS^XZ...'}}
[2025-11-28T15:51:46.535005] [INFO] Loading device registry...
[2025-11-28T15:51:46.535645] [INFO] Loaded 3 devices.
[2025-11-28T15:51:48.581790] [INFO] Sending TEST PRINT to printer01...
[2025-11-28T15:51:50.633156] [INFO] Sending REPRINT to printer01...
[2025-11-28T15:51:54.742292] [INFO] Triggering SCAN on scanner01...
[2025-11-28T15:51:58.840600] [INFO] Requesting lab result from analyzer01 (CBC)...
[2025-11-28T15:52:00.885335] [INFO] Requesting lab result from analyzer01 (CMP)...
[2025-11-28T15:52:02.937618] [INFO] Event queued: SCAN_SPECIMEN
[2025-11-28T15:52:02.937937] [INFO] Event queued: RUN_TEST
[2025-11-28T15:52:02.938368] [INFO] Event queued: PRINT_LABEL
[2025-11-28T15:52:02.938685] [INFO] Processing event: SCAN_SPECIMEN
[2025-11-28T15:52:02.938969] [INFO] Triggering SCAN on scanner01...
[2025-11-28T15:52:04.972961] [INFO] SCAN RESULT: {'scanner01': {'status': 'SUCCESS', 'barcode': 'LAB7879650501'}}
[2025-11-28T15:52:04.975897] [INFO] Specimen LAB7879650501 scanned. Queuing analyzer test...
[2025-11-28T15:52:04.976248] [INFO] Event queued: RUN_TEST
[2025-11-28T15:52:04.976564] [INFO] Processing event: RUN_TEST
[2025-11-28T15:52:04.976833] [INFO] Requesting lab result from analyzer01 (CBC)...
[2025-11-28T15:52:07.006249] [INFO] TEST RESULT (CBC): {'analyzer01': {'status': 'SUCCESS', 'specimenId': 'SPC556677', 'testType': 'CBC', 'result': {'HCT': 40.2, 'HGB': 13.3, 'PLT': 380, 'WBC': 7.3}}}
[2025-11-28T15:52:07.023748] [INFO] Event queued: PRINT_LABEL
[2025-11-28T15:52:07.024306] [INFO] Processing event: PRINT_LABEL
[2025-11-28T15:52:07.024796] [INFO] Sending label to printer...
[2025-11-28T15:52:09.072658] [INFO] PRINT RESULT: {'printer01': {'status': 'SUCCESS', 'preview': '^XA^FO50,50^ADN,36,20^FDPatient Label^FS^XZ...'}}
[2025-11-28T15:52:09.074532] [INFO] Processing event: RUN_TEST
[2025-11-28T15:52:09.074869] [INFO] Requesting lab result from analyzer01 (CBC)...
[2025-11-28T15:52:11.122105] [INFO] TEST RESULT (CBC): {'analyzer01': {'status': 'SUCCESS', 'specimenId': 'LAB7879650501', 'testType': 'CBC', 'result': {'HCT': 42.9, 'HGB': 11.3, 'PLT': 179, 'WBC': 7.6}}}
[2025-11-28T15:52:11.123359] [INFO] Event queued: PRINT_LABEL
[2025-11-28T15:52:11.123645] [INFO] Processing event: PRINT_LABEL
[2025-11-28T15:52:11.123883] [INFO] Sending label to printer...
[2025-11-28T15:52:13.177065] [INFO] PRINT RESULT: {'printer01': {'status': 'SUCCESS', 'preview': '^XA^FO50,50^ADN,36,20^FDSpecimen: SPC556677^FS^XZ...'}}
[2025-11-28T15:52:13.178299] [INFO] Processing event: PRINT_LABEL
[2025-11-28T15:52:13.178573] [INFO] Sending label to printer...
[2025-11-28T15:52:15.224448] [INFO] PRINT RESULT: {'printer01': {'status': 'SUCCESS', 'preview': '^XA^FO50,50^ADN,36,20^FDSpecimen: LAB7879650501^FS^XZ...'}}
[2025-11-28T15:52:15.241720] [INFO] Event queued: SCAN_SPECIMEN
[2025-11-28T15:52:15.242226] [INFO] Processing event: SCAN_SPECIMEN
[2025-11-28T15:52:15.242549] [INFO] Triggering SCAN on scanner01...
[2025-11-28T15:52:17.314236] [INFO] SCAN RESULT: {'scanner01': {'status': 'SUCCESS', 'barcode': 'LAB7610984206'}}
[2025-11-28T15:52:17.315748] [INFO] Specimen LAB7610984206 scanned. Queuing analyzer test...
[2025-11-28T15:52:17.316077] [INFO] Event queued: RUN_TEST
[2025-11-28T15:52:17.316365] [INFO] Processing event: RUN_TEST
[2025-11-28T15:52:17.316632] [INFO] Requesting lab result from analyzer01 (CBC)...
[2025-11-28T15:52:19.380475] [INFO] TEST RESULT (CBC): {'analyzer01': {'status': 'SUCCESS', 'specimenId': 'LAB7610984206', 'testType': 'CBC', 'result': {'HCT': 47.3, 'HGB': 15.0, 'PLT': 272, 'WBC': 6.2}}}
[2025-11-28T15:52:19.397636] [INFO] Event queued: PRINT_LABEL
[2025-11-28T15:52:19.398112] [INFO] Processing event: PRINT_LABEL
[2025-11-28T15:52:19.398463] [INFO] Sending label to printer...
[2025-11-28T15:52:21.439484] [INFO] PRINT RESULT: {'printer01': {'status': 'SUCCESS', 'preview': '^XA^FO50,50^ADN,36,20^FDSpecimen: LAB7610984206^FS^XZ...'}}
[2025-11-28T15:57:29.445289] [INFO] Loading device registry...
[2025-11-28T15:57:29.446047] [INFO] Loaded 3 devices.
[2025-11-28T15:57:31.510909] [INFO] Sending TEST PRINT to printer01...
[2025-11-28T15:57:33.567195] [INFO] Sending REPRINT to printer01...
[2025-11-28T15:57:37.675328] [INFO] Triggering SCAN on scanner01...
[2025-11-28T15:57:41.766837] [INFO] Requesting lab result from analyzer01 (CBC)...
[2025-11-28T15:57:43.814617] [INFO] Requesting lab result from analyzer01 (CMP)...
[2025-11-28T15:57:45.874205] [INFO] Event queued: SCAN_SPECIMEN
[2025-11-28T15:57:45.874686] [INFO] Event queued: RUN_TEST
[2025-11-28T15:57:45.875195] [INFO] Event queued: PRINT_LABEL
[2025-11-28T15:57:45.875437] [INFO] Processing event: SCAN_SPECIMEN
[2025-11-28T15:57:45.875705] [INFO] Triggering SCAN on scanner01...
[2025-11-28T15:57:47.933091] [INFO] SCAN RESULT: {'scanner01': {'status': 'SUCCESS', 'barcode': 'LAB1237588936'}}
[2025-11-28T15:57:47.939963] [INFO] Specimen LAB1237588936 scanned. Queuing analyzer test...
[2025-11-28T15:57:47.940386] [INFO] Event queued: RUN_TEST
[2025-11-28T15:57:47.940749] [INFO] Processing event: RUN_TEST
[2025-11-28T15:57:47.941065] [INFO] Requesting lab result from analyzer01 (CBC)...
[2025-11-28T15:57:49.996379] [INFO] TEST RESULT (CBC): {'analyzer01': {'status': 'SUCCESS', 'specimenId': 'SPC556677', 'testType': 'CBC', 'result': {'HCT': 41.4, 'HGB': 11.7, 'PLT': 262, 'WBC': 8.5}}}
[2025-11-28T15:57:50.015222] [INFO] Event queued: PRINT_LABEL
[2025-11-28T15:57:50.015720] [INFO] Processing event: PRINT_LABEL
[2025-11-28T15:57:50.016150] [INFO] Sending label to printer...
[2025-11-28T15:57:52.083757] [INFO] PRINT RESULT: {'printer01': {'status': 'SUCCESS', 'preview': '^XA^FO50,50^ADN,36,20^FDPatient Label^FS^XZ...'}}
[2025-11-28T15:57:52.089196] [INFO] Processing event: RUN_TEST
[2025-11-28T15:57:52.089567] [INFO] Requesting lab result from analyzer01 (CBC)...
[2025-11-28T15:57:54.129099] [INFO] TEST RESULT (CBC): {'analyzer01': {'status': 'SUCCESS', 'specimenId': 'LAB1237588936', 'testType': 'CBC', 'result': {'HCT': 47.0, 'HGB': 11.9, 'PLT': 173, 'WBC': 6.0}}}
[2025-11-28T15:57:54.134020] [INFO] Event queued: PRINT_LABEL
[2025-11-28T15:57:54.134352] [INFO] Processing event: PRINT_LABEL
[2025-11-28T15:57:54.134675] [INFO] Sending label to printer...
[2025-11-28T15:57:56.193655] [INFO] PRINT RESULT: {'printer01': {'status': 'SUCCESS', 'preview': '^XA^FO50,50^ADN,36,20^FDSpecimen: SPC556677^FS^XZ...'}}
[2025-11-28T15:57:56.198712] [INFO] Processing event: PRINT_LABEL
[2025-11-28T15:57:56.199071] [INFO] Sending label to printer...
[2025-11-28T15:57:58.239827] [INFO] PRINT RESULT: {'printer01': {'status': 'SUCCESS', 'preview': '^XA^FO50,50^ADN,36,20^FDSpecimen: LAB1237588936^FS^XZ...'}}
[2025-11-28T15:57:58.257499] [INFO] Event queued: SCAN_SPECIMEN
[2025-11-28T15:57:58.258007] [INFO] Processing event: SCAN_SPECIMEN
[2025-11-28T15:57:58.258367] [INFO] Triggering SCAN on scanner01...
[2025-11-28T15:58:00.314807] [INFO] SCAN RESULT: {'scanner01': {'status': 'SUCCESS', 'barcode': 'LAB6932217814'}}
[2025-11-28T15:58:00.316465] [INFO] Specimen LAB6932217814 scanned. Queuing analyzer test...
[2025-11-28T15:58:00.316846] [INFO] Event queued: RUN_TEST
[2025-11-28T15:58:00.317093] [INFO] Processing event: RUN_TEST
[2025-11-28T15:58:00.317351] [INFO] Requesting lab result from analyzer01 (CBC)...
[2025-11-28T15:58:02.382388] [INFO] TEST RESULT (CBC): {'analyzer01': {'status': 'SUCCESS', 'specimenId': 'LAB6932217814', 'testType': 'CBC', 'result': {'HCT': 35.2, 'HGB': 11.3, 'PLT': 359, 'WBC': 3.7}}}
[2025-11-28T15:58:02.387296] [INFO] Event queued: PRINT_LABEL
[2025-11-28T15:58:02.387689] [INFO] Processing event: PRINT_LABEL
[2025-11-28T15:58:02.388036] [INFO] Sending label to printer...
[2025-11-28T15:58:04.433527] [INFO] PRINT RESULT: {'printer01': {'status': 'SUCCESS', 'preview': '^XA^FO50,50^ADN,36,20^FDSpecimen: LAB6932217814^FS^XZ...'}}
[2025-11-28T16:15:37.380064] [INFO] Loading device registry...
[2025-11-28T16:15:37.380758] [INFO] Loaded 3 devices.
[2025-11-28T16:15:39.440862] [INFO] Sending TEST PRINT to printer01...
[2025-11-28T16:15:41.494458] [INFO] Sending REPRINT to printer01...
[2025-11-28T16:15:45.599871] [INFO] Triggering SCAN on scanner01...
[2025-11-28T16:15:49.695360] [INFO] Requesting lab result from analyzer01 (CBC)...
[2025-11-28T16:15:51.748478] [INFO] Requesting lab result from analyzer01 (CMP)...
[2025-11-28T16:15:53.792377] [INFO] Event queued: SCAN_SPECIMEN
[2025-11-28T16:15:53.792702] [INFO] Event queued: RUN_TEST
[2025-11-28T16:15:53.793147] [INFO] Event queued: PRINT_LABEL
[2025-11-28T16:15:53.793692] [INFO] Processing event: SCAN_SPECIMEN
[2025-11-28T16:15:53.793980] [INFO] Triggering SCAN on scanner01...
[2025-11-28T16:15:55.858307] [INFO] SCAN RESULT: {'scanner01': {'status': 'SUCCESS', 'barcode': 'LAB6595366768'}}
[2025-11-28T16:15:55.864713] [INFO] Specimen LAB6595366768 scanned. Queuing analyzer test...
[2025-11-28T16:15:55.865077] [INFO] Event queued: RUN_TEST
[2025-11-28T16:15:55.865426] [INFO] Processing event: RUN_TEST
[2025-11-28T16:15:55.865772] [INFO] Requesting lab result from analyzer01 (CBC)...
[2025-11-28T16:15:57.916798] [INFO] TEST RESULT (CBC): {'analyzer01': {'status': 'SUCCESS', 'specimenId': 'SPC556677', 'testType': 'CBC', 'result': {'HCT': 42.0, 'HGB': 13.2, 'PLT': 330, 'WBC': 4.0}}}
[2025-11-28T16:15:57.924512] [INFO] [ETL] CBC normalized for specimen SPC556677
[2025-11-28T16:15:57.924862] [INFO] Event queued: PRINT_LABEL
[2025-11-28T16:15:57.925141] [INFO] Processing event: PRINT_LABEL
[2025-11-28T16:15:57.925367] [INFO] Sending label to printer...
[2025-11-28T16:15:59.979845] [INFO] PRINT RESULT: {'printer01': {'status': 'SUCCESS', 'preview': '^XA^FO50,50^ADN,36,20^FDPatient Label^FS^XZ...'}}
[2025-11-28T16:15:59.985830] [INFO] Processing event: RUN_TEST
[2025-11-28T16:15:59.986312] [INFO] Requesting lab result from analyzer01 (CBC)...
[2025-11-28T16:16:02.031724] [INFO] TEST RESULT (CBC): {'analyzer01': {'status': 'SUCCESS', 'specimenId': 'LAB6595366768', 'testType': 'CBC', 'result': {'HCT': 39.6, 'HGB': 15.1, 'PLT': 255, 'WBC': 10.5}}}
[2025-11-28T16:16:02.033888] [INFO] [ETL] CBC normalized for specimen LAB6595366768
[2025-11-28T16:16:02.034272] [INFO] Event queued: PRINT_LABEL
[2025-11-28T16:16:02.034599] [INFO] Processing event: PRINT_LABEL
[2025-11-28T16:16:02.034881] [INFO] Sending label to printer...
[2025-11-28T16:16:04.107806] [INFO] PRINT RESULT: {'printer01': {'status': 'SUCCESS', 'preview': '^XA^FO50,50^ADN,36,20^FDSpecimen: SPC556677^FS^XZ...'}}
[2025-11-28T16:16:04.125223] [INFO] Processing event: PRINT_LABEL
[2025-11-28T16:16:04.125687] [INFO] Sending label to printer...
[2025-11-28T16:16:06.188740] [INFO] PRINT RESULT: {'printer01': {'status': 'SUCCESS', 'preview': '^XA^FO50,50^ADN,36,20^FDSpecimen: LAB6595366768^FS^XZ...'}}
[2025-11-28T16:16:06.193652] [INFO] Event queued: SCAN_SPECIMEN
[2025-11-28T16:16:06.193994] [INFO] Processing event: SCAN_SPECIMEN
[2025-11-28T16:16:06.194282] [INFO] Triggering SCAN on scanner01...
[2025-11-28T16:16:08.243387] [INFO] SCAN RESULT: {'scanner01': {'status': 'SUCCESS', 'barcode': 'LAB0531182790'}}
[2025-11-28T16:16:08.261614] [INFO] Specimen LAB0531182790 scanned. Queuing analyzer test...
[2025-11-28T16:16:08.262193] [INFO] Event queued: RUN_TEST
[2025-11-28T16:16:08.262518] [INFO] Processing event: RUN_TEST
[2025-11-28T16:16:08.262821] [INFO] Requesting lab result from analyzer01 (CBC)...
[2025-11-28T16:16:10.328033] [INFO] TEST RESULT (CBC): {'analyzer01': {'status': 'SUCCESS', 'specimenId': 'LAB0531182790', 'testType': 'CBC', 'result': {'HCT': 33.4, 'HGB': 11.8, 'PLT': 380, 'WBC': 10.5}}}
[2025-11-28T16:16:10.329951] [INFO] [ETL] CBC normalized for specimen LAB0531182790
[2025-11-28T16:16:10.330282] [INFO] Event queued: PRINT_LABEL
[2025-11-28T16:16:10.330633] [INFO] Processing event: PRINT_LABEL
[2025-11-28T16:16:10.330904] [INFO] Sending label to printer...
[2025-11-28T16:16:12.395869] [INFO] PRINT RESULT: {'printer01': {'status': 'SUCCESS', 'preview': '^XA^FO50,50^ADN,36,20^FDSpecimen: LAB0531182790^FS^XZ...'}}
[2025-11-28T19:52:31.617776] [INFO] Loading device registry...
[2025-11-28T19:52:31.618525] [INFO] Loaded 3 devices.
[2025-11-28T19:52:34.621828] [INFO] Sending TEST PRINT to printer01...
[2025-11-28T19:52:37.624279] [INFO] Sending REPRINT to printer01...
[2025-11-28T19:52:43.628097] [INFO] Triggering SCAN on scanner01...
[2025-11-28T19:52:49.631837] [INFO] Requesting lab result from analyzer01 (CBC)...
[2025-11-28T19:52:52.633683] [INFO] Requesting lab result from analyzer01 (CMP)...
[2025-11-28T19:52:55.635413] [INFO] Event queued: SCAN_SPECIMEN
[2025-11-28T19:52:55.635886] [INFO] Event queued: RUN_TEST
[2025-11-28T19:52:55.636330] [INFO] Event queued: PRINT_LABEL
[2025-11-28T19:52:55.636652] [INFO] Processing event: SCAN_SPECIMEN
[2025-11-28T19:52:55.636889] [INFO] Triggering SCAN on scanner01...
[2025-11-28T19:52:58.638336] [INFO] SCAN RESULT: {'scanner01': {'status': 'FAILED', 'error': "Invalid URL '/scan': No scheme supplied. Perhaps you meant https:///scan?"}}
[2025-11-28T19:52:58.638876] [ERROR] SCAN FAILED for scanner scanner01: Invalid URL '/scan': No scheme supplied. Perhaps you meant https:///scan?
[2025-11-28T19:52:58.639574] [ERROR] Workflow stopped for this specimen due to scan failure.
[2025-11-28T19:52:58.640113] [INFO] Processing event: RUN_TEST
[2025-11-28T19:52:58.640472] [INFO] Running test CBC for specimen SPC556677...
[2025-11-28T19:52:58.640775] [INFO] Requesting lab result from analyzer01 (CBC)...
[2025-11-28T19:53:01.642764] [INFO] TEST RESULT (CBC): {'analyzer01': {'status': 'FAILED', 'error': "Invalid URL '/sendresult': No scheme supplied. Perhaps you meant https:///sendresult?"}}
[2025-11-28T19:53:01.643358] [ERROR] ANALYZER FAILURE on analyzer01: Invalid URL '/sendresult': No scheme supplied. Perhaps you meant https:///sendresult?
[2025-11-28T19:53:01.643895] [ERROR] Workflow stopped for this specimen due to analyzer failure.
[2025-11-28T19:53:01.644479] [INFO] Processing event: PRINT_LABEL
[2025-11-28T19:53:01.644761] [INFO] Sending label to printer for specimen None...
[2025-11-28T19:53:04.646574] [INFO] PRINT RESULT: {'printer01': {'status': 'FAILED', 'error': "Invalid URL '/testlabel': No scheme supplied. Perhaps you meant https:///testlabel?"}}
[2025-11-28T19:53:04.647201] [ERROR] PRINT FAILURE on printer01: Invalid URL '/testlabel': No scheme supplied. Perhaps you meant https:///testlabel?
[2025-11-28T19:53:04.666402] [INFO] Event queued: SCAN_SPECIMEN
[2025-11-28T19:53:04.666943] [INFO] Processing event: SCAN_SPECIMEN
[2025-11-28T19:53:04.667411] [INFO] Triggering SCAN on scanner01...
[2025-11-28T19:53:07.669736] [INFO] SCAN RESULT: {'scanner01': {'status': 'FAILED', 'error': "Invalid URL '/scan': No scheme supplied. Perhaps you meant https:///scan?"}}
[2025-11-28T19:53:07.670307] [ERROR] SCAN FAILED for scanner scanner01: Invalid URL '/scan': No scheme supplied. Perhaps you meant https:///scan?
[2025-11-28T19:53:07.670842] [ERROR] Workflow stopped for this specimen due to scan failure.
[2025-11-28T20:09:55.115642] [INFO] [ETL] CBC normalized for specimen CBC123
[2025-11-28T20:09:55.156564] [INFO] Loading device registry...
[2025-11-28T20:09:55.157166] [INFO] Loaded 3 devices.
[2025-11-28T20:09:55.157384] [INFO] Triggering SCAN on scanner01...
[2025-11-28T20:09:58.201350] [INFO] Loading device registry...
[2025-11-28T20:09:58.201977] [INFO] Loaded 3 devices.
[2025-11-28T20:09:58.202185] [INFO] Requesting lab result from analyzer01 (CBC)...
[2025-11-28T20:10:01.242679] [INFO] Loading device registry...
[2025-11-28T20:10:01.243509] [INFO] Loaded 3 devices.
[2025-11-28T20:10:04.280870] [INFO] Loading device registry...
[2025-11-28T20:10:04.281424] [INFO] Loaded 3 devices.
[2025-11-28T20:10:04.318514] [INFO] Loading device registry...
[2025-11-28T20:10:04.319086] [INFO] Loaded 3 devices.
[2025-11-28T20:11:54.773583] [INFO] [ETL] CBC normalized for specimen CBC123
[2025-11-28T20:11:54.810117] [INFO] Loading device registry...
[2025-11-28T20:11:54.810700] [INFO] Loaded 3 devices.
[2025-11-28T20:11:54.810905] [INFO] Triggering SCAN on scanner01...
[2025-11-28T20:11:57.848730] [INFO] Loading device registry...
[2025-11-28T20:11:57.849376] [INFO] Loaded 3 devices.
[2025-11-28T20:11:57.849577] [INFO] Requesting lab result from analyzer01 (CBC)...
[2025-11-28T20:12:00.886338] [INFO] Loading device registry...
[2025-11-28T20:12:00.886938] [INFO] Loaded 3 devices.
[2025-11-28T20:12:03.925464] [INFO] Loading device registry...
[2025-11-28T20:12:03.926023] [INFO] Loaded 3 devices.
[2025-11-28T20:12:03.962567] [INFO] Loading device registry...
[2025-11-28T20:12:03.963162] [INFO] Loaded 3 devices.
[2025-11-28T20:14:50.122895] [INFO] [ETL] CBC normalized for specimen CBC123
[2025-11-28T20:14:50.158186] [INFO] Loading device registry...
[2025-11-28T20:14:50.158853] [INFO] Loaded 3 devices.
[2025-11-28T20:14:50.159071] [INFO] Triggering SCAN on scanner01...
[2025-11-28T20:14:53.196677] [INFO] Loading device registry...
[2025-11-28T20:14:53.197232] [INFO] Loaded 3 devices.
[2025-11-28T20:14:53.197435] [INFO] Requesting lab result from analyzer01 (CBC)...
[2025-11-28T20:14:56.236612] [INFO] Loading device registry...
[2025-11-28T20:14:56.237328] [INFO] Loaded 3 devices.
[2025-11-28T20:14:59.273828] [INFO] Loading device registry...
[2025-11-28T20:14:59.274422] [INFO] Loaded 3 devices.
[2025-11-28T20:14:59.416100] [INFO] Loading device registry...
[2025-11-28T20:14:59.416661] [INFO] Loaded 3 devices.
[2025-11-28T20:18:17.883376] [INFO] [ETL] CBC normalized for specimen CBC123
[2025-11-28T20:18:17.920708] [INFO] Loading device registry...
[2025-11-28T20:18:17.921362] [INFO] Loaded 3 devices.
[2025-11-28T20:18:17.921639] [INFO] Triggering SCAN on scanner01...
[2025-11-28T20:18:21.069939] [INFO] Loading device registry...
[2025-11-28T20:18:21.070514] [INFO] Loaded 3 devices.
[2025-11-28T20:18:21.070719] [INFO] Requesting lab result from analyzer01 (CBC)...
[2025-11-28T20:18:24.109661] [INFO] Loading device registry...
[2025-11-28T20:18:24.110285] [INFO] Loaded 3 devices.
[2025-11-28T20:18:27.148362] [INFO] Loading device registry...
[2025-11-28T20:18:27.149190] [INFO] Loaded 3 devices.
[2025-11-28T20:18:27.186046] [INFO] Loading device registry...
[2025-11-28T20:18:27.186619] [INFO] Loaded 3 devices.
[2025-11-28T20:19:36.543115] [INFO] [ETL] CBC normalized for specimen CBC123
[2025-11-28T20:19:36.578458] [INFO] Loading device registry...
[2025-11-28T20:19:36.579090] [INFO] Loaded 3 devices.
[2025-11-28T20:19:36.579334] [INFO] Triggering SCAN on scanner01...
[2025-11-28T20:19:39.618907] [INFO] Loading device registry...
[2025-11-28T20:19:39.619578] [INFO] Loaded 3 devices.
[2025-11-28T20:19:39.619787] [INFO] Requesting lab result from analyzer01 (CBC)...
[2025-11-28T20:19:42.661870] [INFO] Loading device registry...
[2025-11-28T20:19:42.662548] [INFO] Loaded 3 devices.
[2025-11-28T20:19:45.810783] [INFO] Loading device registry...
[2025-11-28T20:19:45.811340] [INFO] Loaded 3 devices.
[2025-11-28T20:19:45.845813] [INFO] Loading device registry...
[2025-11-28T20:19:45.846338] [INFO] Loaded 3 devices.
[2025-11-28T20:21:26.368769] [INFO] [ETL] CBC normalized for specimen CBC123
[2025-11-28T20:21:26.512194] [INFO] Loading device registry...
[2025-11-28T20:21:26.512766] [INFO] Loaded 3 devices.
[2025-11-28T20:21:26.513040] [INFO] Triggering SCAN on scanner01...
[2025-11-28T20:21:29.662289] [INFO] Loading device registry...
[2025-11-28T20:21:29.662853] [INFO] Loaded 3 devices.
[2025-11-28T20:21:29.663062] [INFO] Requesting lab result from analyzer01 (CBC)...
[2025-11-28T20:21:32.805749] [INFO] Loading device registry...
[2025-11-28T20:21:32.806375] [INFO] Loaded 3 devices.
[2025-11-28T20:21:35.852312] [INFO] Loading device registry...
[2025-11-28T20:21:35.853024] [INFO] Loaded 3 devices.
[2025-11-28T20:21:35.896126] [INFO] Loading device registry...
[2025-11-28T20:21:35.896814] [INFO] Loaded 3 devices.
[2025-11-28T20:26:32.119274] [INFO] [ETL] CBC normalized for specimen CBC123
[2025-11-28T20:26:32.155448] [INFO] Loading device registry...
[2025-11-28T20:26:32.156325] [INFO] Loaded 3 devices.
[2025-11-28T20:26:32.156614] [INFO] Triggering SCAN on scanner01...
[2025-11-28T20:26:35.194086] [INFO] Loading device registry...
[2025-11-28T20:26:35.194650] [INFO] Loaded 3 devices.
[2025-11-28T20:26:35.194866] [INFO] Requesting lab result from analyzer01 (CBC)...
[2025-11-28T20:26:38.232494] [INFO] Loading device registry...
[2025-11-28T20:26:38.233069] [INFO] Loaded 3 devices.
[2025-11-28T20:26:41.269938] [INFO] Loading device registry...
[2025-11-28T20:26:41.270621] [INFO] Loaded 3 devices.
[2025-11-28T20:26:41.309066] [INFO] Loading device registry...
[2025-11-28T20:26:41.309699] [INFO] Loaded 3 devices.
[2025-11-28T20:30:48.543100] [INFO] [ETL] CBC normalized for specimen CBC123
[2025-11-28T20:30:48.582674] [INFO] Loading device registry...
[2025-11-28T20:30:48.583261] [INFO] Loaded 3 devices.
[2025-11-28T20:30:48.583466] [INFO] Triggering SCAN on scanner01...
[2025-11-28T20:30:51.621701] [INFO] Loading device registry...
[2025-11-28T20:30:51.622337] [INFO] Loaded 3 devices.
[2025-11-28T20:30:51.622559] [INFO] Requesting lab result from analyzer01 (CBC)...
[2025-11-28T20:30:54.660949] [INFO] Loading device registry...
[2025-11-28T20:30:54.661552] [INFO] Loaded 3 devices.
[2025-11-28T20:30:57.701982] [INFO] Loading device registry...
[2025-11-28T20:30:57.702769] [INFO] Loaded 3 devices.
[2025-11-28T20:30:57.741838] [INFO] Loading device registry...
[2025-11-28T20:30:57.742488] [INFO] Loaded 3 devices.
[2025-11-28T20:31:50.601261] [INFO] [ETL] CBC normalized for specimen CBC123
[2025-11-28T20:31:50.637864] [INFO] Loading device registry...
[2025-11-28T20:31:50.638408] [INFO] Loaded 3 devices.
[2025-11-28T20:31:50.638609] [INFO] Triggering SCAN on scanner01...
[2025-11-28T20:31:53.675994] [INFO] Loading device registry...
[2025-11-28T20:31:53.676538] [INFO] Loaded 3 devices.
[2025-11-28T20:31:53.676740] [INFO] Requesting lab result from analyzer01 (CBC)...
[2025-11-28T20:31:56.723430] [INFO] Loading device registry...
[2025-11-28T20:31:56.724682] [INFO] Loaded 3 devices.
[2025-11-28T20:31:59.763162] [INFO] Loading device registry...
[2025-11-28T20:31:59.763725] [INFO] Loaded 3 devices.
[2025-11-28T20:31:59.799834] [INFO] Loading device registry...
[2025-11-28T20:31:59.800409] [INFO] Loaded 3 devices.
[2025-11-28T20:35:57.872570] [INFO] [ETL] CBC normalized for specimen CBC123
[2025-11-28T20:35:57.911492] [INFO] Loading device registry...
[2025-11-28T20:35:57.912128] [INFO] Loaded 3 devices.
[2025-11-28T20:35:57.912332] [INFO] Triggering SCAN on scanner01...
[2025-11-28T20:36:00.950651] [INFO] Loading device registry...
[2025-11-28T20:36:00.951235] [INFO] Loaded 3 devices.
[2025-11-28T20:36:00.951461] [INFO] Requesting lab result from analyzer01 (CBC)...
[2025-11-28T20:36:03.990564] [INFO] Loading device registry...
[2025-11-28T20:36:03.991193] [INFO] Loaded 3 devices.
[2025-11-28T20:36:07.030032] [INFO] Loading device registry...
[2025-11-28T20:36:07.030635] [INFO] Loaded 3 devices.
[2025-11-28T20:36:07.068112] [INFO] Loading device registry...
[2025-11-28T20:36:07.068732] [INFO] Loaded 3 devices.
[2025-11-28T20:39:41.072295] [INFO] [ETL] CBC normalized for specimen CBC123
[2025-11-28T20:39:41.109120] [INFO] Loading device registry...
[2025-11-28T20:39:41.109730] [INFO] Loaded 3 devices.
[2025-11-28T20:39:41.109953] [INFO] Triggering SCAN on scanner01...
[2025-11-28T20:39:44.150158] [INFO] Loading device registry...
[2025-11-28T20:39:44.150796] [INFO] Loaded 3 devices.
[2025-11-28T20:39:44.150996] [INFO] Requesting lab result from analyzer01 (CBC)...
[2025-11-28T20:39:47.192082] [INFO] Loading device registry...
[2025-11-28T20:39:47.192650] [INFO] Loaded 3 devices.
[2025-11-28T20:39:50.229437] [INFO] Loading device registry...
[2025-11-28T20:39:50.230021] [INFO] Loaded 3 devices.
[2025-11-28T20:39:50.267442] [INFO] Loading device registry...
[2025-11-28T20:39:50.268013] [INFO] Loaded 3 devices.
[2025-11-28T20:43:00.244927] [INFO] [ETL] CBC normalized for specimen CBC123
[2025-11-28T20:43:00.286882] [INFO] Loading device registry...
[2025-11-28T20:43:00.287966] [INFO] Loaded 3 devices.
[2025-11-28T20:43:00.288266] [INFO] Triggering SCAN on scanner01...
[2025-11-28T20:43:03.397550] [INFO] Loading device registry...
[2025-11-28T20:43:03.398295] [INFO] Loaded 3 devices.
[2025-11-28T20:43:03.398541] [INFO] Requesting lab result from analyzer01 (CBC)...
[2025-11-28T20:43:06.438928] [INFO] Loading device registry...
[2025-11-28T20:43:06.439508] [INFO] Loaded 3 devices.
[2025-11-28T20:43:09.477252] [INFO] Loading device registry...
[2025-11-28T20:43:09.477885] [INFO] Loaded 3 devices.
[2025-11-28T20:43:09.620508] [INFO] Loading device registry...
[2025-11-28T20:43:09.621062] [INFO] Loaded 3 devices.
[2025-11-28T20:47:06.887307] [INFO] [ETL] CBC normalized for specimen CBC123
[2025-11-28T20:47:07.022334] [INFO] Loading device registry...
[2025-11-28T20:47:07.137668] [INFO] Loading device registry...
[2025-11-28T20:47:07.182319] [INFO] Loading device registry...
[2025-11-28T20:47:07.224175] [INFO] Loading device registry...
[2025-11-28T20:47:07.264420] [INFO] Loading device registry...
[2025-11-28T20:47:52.114673] [INFO] [ETL] CBC normalized for specimen CBC123
[2025-11-28T20:47:52.150575] [INFO] Loading device registry...
[2025-11-28T20:47:52.267890] [INFO] Loading device registry...
[2025-11-28T20:47:52.310265] [INFO] Loading device registry...
[2025-11-28T20:47:52.349941] [INFO] Loading device registry...
[2025-11-28T20:47:52.392617] [INFO] Loading device registry...
[2025-11-28T20:50:20.467280] [INFO] [ETL] CBC normalized for specimen CBC123
[2025-11-28T20:50:20.502205] [INFO] Loading device registry...
[2025-11-28T20:50:20.503966] [INFO] Loaded 3 devices.
[2025-11-28T20:50:20.504255] [INFO] Triggering SCAN on scanner01...
[2025-11-28T20:50:22.693086] [INFO] Loading device registry...
[2025-11-28T20:50:22.693646] [INFO] Loaded 3 devices.
[2025-11-28T20:50:22.693849] [INFO] Requesting lab result from analyzer01 (CBC)...
[2025-11-28T20:50:24.853771] [INFO] Loading device registry...
[2025-11-28T20:50:24.854599] [INFO] Loaded 3 devices.
[2025-11-28T20:50:27.048662] [INFO] Loading device registry...
[2025-11-28T20:50:27.049206] [INFO] Loaded 3 devices.
[2025-11-28T20:50:27.083593] [INFO] Loading device registry...
[2025-11-28T20:50:27.084134] [INFO] Loaded 3 devices.
[2025-11-28T20:57:58.123590] [INFO] [ETL] CBC normalized for specimen CBC123
[2025-11-28T20:57:58.159165] [INFO] Loading device registry...
[2025-11-28T20:57:58.159764] [INFO] Loaded 3 devices.
[2025-11-28T20:57:58.159970] [INFO] Triggering SCAN on scanner01...
[2025-11-28T20:58:00.368356] [INFO] Loading device registry...
[2025-11-28T20:58:00.368925] [INFO] Loaded 3 devices.
[2025-11-28T20:58:00.369131] [INFO] Requesting lab result from analyzer01 (CBC)...
[2025-11-28T20:58:02.541508] [INFO] Loading device registry...
[2025-11-28T20:58:02.542050] [INFO] Loaded 3 devices.
[2025-11-28T20:58:04.610865] [INFO] Loading device registry...
[2025-11-28T20:58:04.611513] [INFO] Loaded 3 devices.
[2025-11-28T20:58:04.717752] [INFO] Loading device registry...
[2025-11-28T20:58:04.718413] [INFO] Loaded 3 devices.
[2025-11-28T20:59:23.828833] [INFO] Loading device registry...
[2025-11-28T20:59:23.829597] [INFO] Loaded 3 devices.
[2025-11-28T20:59:23.830567] [INFO] Triggering SCAN on scanner01...
[2025-11-28T21:01:28.808361] [INFO] [ETL] CBC normalized for specimen CBC123
[2025-11-28T21:01:28.845958] [INFO] Loading device registry...
[2025-11-28T21:01:28.846623] [INFO] Loaded 3 devices.
[2025-11-28T21:01:28.846861] [INFO] Triggering SCAN on scanner01...
[2025-11-28T21:01:30.934926] [INFO] Loading device registry...
[2025-11-28T21:01:30.935556] [INFO] Loaded 3 devices.
[2025-11-28T21:01:30.935765] [INFO] Requesting lab result from analyzer01 (CBC)...
[2025-11-28T21:01:33.002677] [INFO] Loading device registry...
[2025-11-28T21:01:33.003286] [INFO] Loaded 3 devices.
[2025-11-28T21:01:35.102642] [INFO] Loading device registry...
[2025-11-28T21:01:35.103539] [INFO] Loaded 3 devices.
[2025-11-28T21:01:35.209939] [INFO] Loading device registry...
[2025-11-28T21:01:35.210553] [INFO] Loaded 3 devices.
[2025-11-28T21:02:37.409814] [INFO] [ETL] CBC normalized for specimen CBC123
[2025-11-28T21:02:37.445201] [INFO] Loading device registry...
[2025-11-28T21:02:37.445763] [INFO] Loaded 3 devices.
[2025-11-28T21:02:37.445971] [INFO] Triggering SCAN on scanner01...
[2025-11-28T21:02:39.549457] [INFO] Loading device registry...
[2025-11-28T21:02:39.550131] [INFO] Loaded 3 devices.
[2025-11-28T21:02:39.550345] [INFO] Requesting lab result from analyzer01 (CBC)...
[2025-11-28T21:02:41.643016] [INFO] Loading device registry...
[2025-11-28T21:02:41.643602] [INFO] Loaded 3 devices.
[2025-11-28T21:02:43.724210] [INFO] Loading device registry...
[2025-11-28T21:02:43.724859] [INFO] Loaded 3 devices.
[2025-11-28T21:02:43.831678] [INFO] Loading device registry...
[2025-11-28T21:02:43.832299] [INFO] Loaded 3 devices.
[2025-11-28T21:04:55.603998] [INFO] [ETL] CBC normalized for specimen CBC123
[2025-11-28T21:04:55.638540] [INFO] Loading device registry...
[2025-11-28T21:04:55.639105] [INFO] Loaded 3 devices.
[2025-11-28T21:04:55.639317] [INFO] Triggering SCAN on scanner01...
[2025-11-28T21:04:57.729546] [INFO] Loading device registry...
[2025-11-28T21:04:57.730436] [INFO] Loaded 3 devices.
[2025-11-28T21:04:57.730745] [INFO] Requesting lab result from analyzer01 (CBC)...
[2025-11-28T21:04:59.911216] [INFO] Loading device registry...
[2025-11-28T21:04:59.911813] [INFO] Loaded 3 devices.
[2025-11-28T21:05:01.979502] [INFO] Loading device registry...
[2025-11-28T21:05:01.980239] [INFO] Loaded 3 devices.
[2025-11-28T21:05:02.085070] [INFO] Loading device registry...
[2025-11-28T21:05:02.085710] [INFO] Loaded 3 devices.
[2025-11-28T21:08:11.993065] [INFO] [ETL] CBC normalized for specimen CBC123
[2025-11-28T21:08:12.131927] [INFO] Loading device registry...
[2025-11-28T21:08:12.132535] [INFO] Loaded 3 devices.
[2025-11-28T21:08:12.132741] [INFO] Triggering SCAN on scanner01...
[2025-11-28T21:08:14.229129] [INFO] Loading device registry...
[2025-11-28T21:08:14.229818] [INFO] Loaded 3 devices.
[2025-11-28T21:08:14.230126] [INFO] Requesting lab result from analyzer01 (CBC)...
[2025-11-28T21:08:16.313912] [INFO] Loading device registry...
[2025-11-28T21:08:16.314711] [INFO] Loaded 3 devices.
[2025-11-28T21:08:18.413186] [INFO] Loading device registry...
[2025-11-28T21:08:18.413769] [INFO] Loaded 3 devices.
[2025-11-28T21:08:18.414009] [INFO] Triggering SCAN on scanner01...
[2025-11-28T21:08:22.497474] [ERROR] [scanner01] Attempt 1 failed: HTTPConnectionPool(host='localhost', port=9999): Max retries exceeded with url: /scan (Caused by NewConnectionError('<urllib3.connection.HTTPConnection object at 0x00000159B3980270>: Failed to establish a new connection: [WinError 10061] No connection could be made because the target machine actively refused it'))
[2025-11-28T21:08:27.549563] [ERROR] [scanner01] Attempt 2 failed: HTTPConnectionPool(host='localhost', port=9999): Max retries exceeded with url: /scan (Caused by NewConnectionError('<urllib3.connection.HTTPConnection object at 0x00000159B39809E0>: Failed to establish a new connection: [WinError 10061] No connection could be made because the target machine actively refused it'))
[2025-11-28T21:08:33.662095] [ERROR] [scanner01] Attempt 3 failed: HTTPConnectionPool(host='localhost', port=9999): Max retries exceeded with url: /scan (Caused by NewConnectionError('<urllib3.connection.HTTPConnection object at 0x00000159B135F350>: Failed to establish a new connection: [WinError 10061] No connection could be made because the target machine actively refused it'))
[2025-11-28T21:08:33.696637] [INFO] Loading device registry...
[2025-11-28T21:08:33.697309] [INFO] Loaded 3 devices.
[2025-11-28T21:08:33.697514] [INFO] Event queued: SCAN_SPECIMEN
[2025-11-28T21:08:33.697759] [INFO] Processing event: SCAN_SPECIMEN
[2025-11-28T21:08:33.697970] [INFO] Triggering SCAN on scanner01...
[2025-11-28T21:08:37.788313] [ERROR] [scanner01] Attempt 1 failed: HTTPConnectionPool(host='localhost', port=9999): Max retries exceeded with url: /scan (Caused by NewConnectionError('<urllib3.connection.HTTPConnection object at 0x00000159B39808D0>: Failed to establish a new connection: [WinError 10061] No connection could be made because the target machine actively refused it'))
[2025-11-28T21:08:42.881182] [ERROR] [scanner01] Attempt 2 failed: HTTPConnectionPool(host='localhost', port=9999): Max retries exceeded with url: /scan (Caused by NewConnectionError('<urllib3.connection.HTTPConnection object at 0x00000159B3980160>: Failed to establish a new connection: [WinError 10061] No connection could be made because the target machine actively refused it'))
[2025-11-28T21:08:48.985154] [ERROR] [scanner01] Attempt 3 failed: HTTPConnectionPool(host='localhost', port=9999): Max retries exceeded with url: /scan (Caused by NewConnectionError('<urllib3.connection.HTTPConnection object at 0x00000159B3980E20>: Failed to establish a new connection: [WinError 10061] No connection could be made because the target machine actively refused it'))
[2025-11-28T21:08:48.985878] [INFO] SCAN RESULT: {'scanner01': {'status': 'FAILED', 'error': "HTTPConnectionPool(host='localhost', port=9999): Max retries exceeded with url: /scan (Caused by NewConnectionError('<urllib3.connection.HTTPConnection object at 0x00000159B3980E20>: Failed to establish a new connection: [WinError 10061] No connection could be made because the target machine actively refused it'))"}}
[2025-11-28T21:08:48.986126] [ERROR] SCAN FAILED for scanner01: HTTPConnectionPool(host='localhost', port=9999): Max retries exceeded with url: /scan (Caused by NewConnectionError('<urllib3.connection.HTTPConnection object at 0x00000159B3980E20>: Failed to establish a new connection: [WinError 10061] No connection could be made because the target machine actively refused it'))
[2026-04-14T17:54:04.747190] [INFO] Loading device registry...
[2026-04-14T17:54:04.760631] [INFO] Loaded 3 devices.
[2026-04-14T17:55:05.795899] [INFO] Loading device registry...
[2026-04-14T17:55:05.796570] [INFO] Loaded 3 devices.
[2026-04-14T17:55:07.547162] [INFO] Loading device registry...
[2026-04-14T17:55:07.547974] [INFO] Loaded 3 devices.
[2026-04-14T17:55:16.051444] [ERROR] [printer01] Attempt 1 failed: HTTPConnectionPool(host='localhost', port=9001): Max retries exceeded with url: /settings (Caused by NewConnectionError('<urllib3.connection.HTTPConnection object at 0x000002521673E7B0>: Failed to establish a new connection: [WinError 10061] No connection could be made because the target machine actively refused it'))
[2026-04-14T17:55:21.178474] [ERROR] [printer01] Attempt 2 failed: HTTPConnectionPool(host='localhost', port=9001): Max retries exceeded with url: /settings (Caused by NewConnectionError('<urllib3.connection.HTTPConnection object at 0x000002521675DF90>: Failed to establish a new connection: [WinError 10061] No connection could be made because the target machine actively refused it'))
[2026-04-14T17:55:27.280364] [ERROR] [printer01] Attempt 3 failed: HTTPConnectionPool(host='localhost', port=9001): Max retries exceeded with url: /settings (Caused by NewConnectionError('<urllib3.connection.HTTPConnection object at 0x000002521675E850>: Failed to establish a new connection: [WinError 10061] No connection could be made because the target machine actively refused it'))
[2026-04-14T17:55:31.370068] [ERROR] [scanner01] Attempt 1 failed: HTTPConnectionPool(host='localhost', port=9002): Max retries exceeded with url: /settings (Caused by NewConnectionError('<urllib3.connection.HTTPConnection object at 0x0000025216771350>: Failed to establish a new connection: [WinError 10061] No connection could be made because the target machine actively refused it'))
[2026-04-14T17:55:36.446235] [ERROR] [scanner01] Attempt 2 failed: HTTPConnectionPool(host='localhost', port=9002): Max retries exceeded with url: /settings (Caused by NewConnectionError('<urllib3.connection.HTTPConnection object at 0x0000025216771A70>: Failed to establish a new connection: [WinError 10061] No connection could be made because the target machine actively refused it'))
[2026-04-14T17:55:42.531261] [ERROR] [scanner01] Attempt 3 failed: HTTPConnectionPool(host='localhost', port=9002): Max retries exceeded with url: /settings (Caused by NewConnectionError('<urllib3.connection.HTTPConnection object at 0x0000025216749FD0>: Failed to establish a new connection: [WinError 10061] No connection could be made because the target machine actively refused it'))
[2026-04-14T17:55:46.634512] [ERROR] [analyzer01] Attempt 1 failed: HTTPConnectionPool(host='localhost', port=9003): Max retries exceeded with url: /settings (Caused by NewConnectionError('<urllib3.connection.HTTPConnection object at 0x0000025216788050>: Failed to establish a new connection: [WinError 10061] No connection could be made because the target machine actively refused it'))
[2026-04-14T17:55:51.702411] [ERROR] [analyzer01] Attempt 2 failed: HTTPConnectionPool(host='localhost', port=9003): Max retries exceeded with url: /settings (Caused by NewConnectionError('<urllib3.connection.HTTPConnection object at 0x00000252167887C0>: Failed to establish a new connection: [WinError 10061] No connection could be made because the target machine actively refused it'))
[2026-04-14T17:55:57.796277] [ERROR] [analyzer01] Attempt 3 failed: HTTPConnectionPool(host='localhost', port=9003): Max retries exceeded with url: /settings (Caused by NewConnectionError('<urllib3.connection.HTTPConnection object at 0x00000252167889E0>: Failed to establish a new connection: [WinError 10061] No connection could be made because the target machine actively refused it'))
[2026-04-14T17:56:34.233451] [INFO] Loading device registry...
[2026-04-14T17:56:34.234171] [INFO] Loaded 3 devices.
[2026-04-14T17:56:35.989652] [INFO] Loading device registry...
[2026-04-14T17:56:35.990461] [INFO] Loaded 3 devices.
[2026-04-14T17:57:38.761061] [INFO] Loading device registry...
[2026-04-14T17:57:38.761804] [INFO] Loaded 3 devices.
[2026-04-14T17:57:40.475033] [INFO] Loading device registry...
[2026-04-14T17:57:40.475749] [INFO] Loaded 3 devices.
[2026-04-14T17:58:07.195594] [ERROR] [printer01] Attempt 1 failed: HTTPConnectionPool(host='localhost', port=9001): Max retries exceeded with url: /settings (Caused by NewConnectionError('<urllib3.connection.HTTPConnection object at 0x000001F766BA5A70>: Failed to establish a new connection: [WinError 10061] No connection could be made because the target machine actively refused it'))
[2026-04-14T17:58:12.304572] [ERROR] [printer01] Attempt 2 failed: HTTPConnectionPool(host='localhost', port=9001): Max retries exceeded with url: /settings (Caused by NewConnectionError('<urllib3.connection.HTTPConnection object at 0x000001F766BA6190>: Failed to establish a new connection: [WinError 10061] No connection could be made because the target machine actively refused it'))
[2026-04-14T17:58:18.399561] [ERROR] [printer01] Attempt 3 failed: HTTPConnectionPool(host='localhost', port=9001): Max retries exceeded with url: /settings (Caused by NewConnectionError('<urllib3.connection.HTTPConnection object at 0x000001F766B6A450>: Failed to establish a new connection: [WinError 10061] No connection could be made because the target machine actively refused it'))
[2026-04-14T17:59:39.594248] [INFO] Loading device registry...
[2026-04-14T17:59:39.594950] [INFO] Loaded 3 devices.
[2026-04-14T17:59:41.357640] [INFO] Loading device registry...
[2026-04-14T17:59:41.358388] [INFO] Loaded 3 devices.
[2026-04-14T18:00:11.270436] [INFO] Triggering SCAN on scanner01...
[2026-04-14T18:00:38.282794] [INFO] Event queued: SCAN_SPECIMEN
[2026-04-14T18:00:38.283270] [INFO] Processing event: SCAN_SPECIMEN
[2026-04-14T18:00:38.283684] [INFO] Triggering SCAN on scanner01...
[2026-04-14T18:00:40.311617] [INFO] SCAN RESULT: {'scanner01': {'status': 'SUCCESS', 'barcode': 'LAB4332527103'}}
[2026-04-14T18:00:40.339335] [INFO] Event queued: RUN_TEST
[2026-04-14T18:00:40.339891] [INFO] Processing event: RUN_TEST
[2026-04-14T18:00:40.340338] [INFO] Running test CBC for specimen LAB4332527103...
[2026-04-14T18:00:40.340650] [INFO] Requesting lab result from analyzer01 (CBC)...
[2026-04-14T18:00:42.373373] [INFO] TEST RESULT (CBC): {'analyzer01': {'status': 'SUCCESS', 'specimenId': 'LAB4332527103', 'testType': 'CBC', 'result': {'HCT': 44.7, 'HGB': 11.4, 'PLT': 254, 'WBC': 11.6}}}
[2026-04-14T18:00:42.394555] [INFO] [ETL] CBC normalized for specimen LAB4332527103
[2026-04-14T18:00:42.395033] [INFO] Queuing PRINT_LABEL for specimen LAB4332527103...
[2026-04-14T18:00:42.395464] [INFO] Event queued: PRINT_LABEL
[2026-04-14T18:00:42.395808] [INFO] Processing event: PRINT_LABEL
[2026-04-14T18:00:42.396100] [INFO] Sending label to printer for specimen LAB4332527103...
[2026-04-14T18:00:44.440803] [INFO] PRINT RESULT: {'printer01': {'status': 'SUCCESS', 'preview': 'Label printed'}}
[2026-04-14T18:00:59.605862] [INFO] Requesting lab result from analyzer01 (CMP)...
